{
  "RSpec": {
    "coverage": {
      "/Users/fabiano/Dropbox/code/api-sample/spec/models/page_spec.rb": [
        1,
        null,
        1,
        null,
        1,
        2,
        null,
        null,
        null
      ],
      "/Users/fabiano/Dropbox/code/api-sample/spec/rails_helper.rb": [
        null,
        1,
        1,
        null,
        1,
        1,
        1,
        null,
        null,
        null,
        null,
        null,
        null,
        null,
        null,
        null,
        null,
        null,
        null,
        null,
        null,
        null,
        3,
        null,
        null,
        null,
        1,
        null,
        1,
        null,
        1,
        null,
        null,
        null,
        null,
        1,
        null,
        null,
        null,
        null,
        null,
        null,
        null,
        null,
        null,
        null,
        null,
        null,
        null,
        null,
        1,
        null,
        null,
        1,
        null,
        null,
        null,
        null,
        1,
        1,
        1,
        1,
        null,
        null
      ],
      "/Users/fabiano/Dropbox/code/api-sample/config/environment.rb": [
        null,
        1,
        null,
        null,
        1
      ],
      "/Users/fabiano/Dropbox/code/api-sample/config/application.rb": [
        1,
        null,
        1,
        null,
        null,
        null,
        1,
        null,
        1,
        1,
        null,
        null,
        null,
        null,
        null,
        null,
        null,
        null,
        null,
        null,
        null,
        null,
        null,
        1,
        null,
        1,
        1,
        null,
        null
      ],
      "/Users/fabiano/Dropbox/code/api-sample/config/boot.rb": [
        1,
        null,
        1
      ],
      "/Users/fabiano/Dropbox/code/api-sample/config/environments/test.rb": [
        1,
        null,
        null,
        null,
        null,
        null,
        null,
        1,
        null,
        null,
        null,
        null,
        1,
        null,
        null,
        1,
        1,
        null,
        null,
        1,
        1,
        null,
        null,
        1,
        null,
        null,
        1,
        null,
        null,
        null,
        null,
        1,
        null,
        null,
        1,
        null,
        null,
        1,
        null,
        null,
        null,
        null
      ],
      "/Users/fabiano/Dropbox/code/api-sample/config/initializers/assets.rb": [
        null,
        null,
        null,
        1,
        null,
        null,
        null,
        null,
        null,
        null,
        null
      ],
      "/Users/fabiano/Dropbox/code/api-sample/config/initializers/backtrace_silencers.rb": [
        null,
        null,
        null,
        null,
        null,
        null,
        null
      ],
      "/Users/fabiano/Dropbox/code/api-sample/config/initializers/cookies_serializer.rb": [
        null,
        null,
        1
      ],
      "/Users/fabiano/Dropbox/code/api-sample/config/initializers/filter_parameter_logging.rb": [
        null,
        null,
        null,
        1
      ],
      "/Users/fabiano/Dropbox/code/api-sample/config/initializers/inflections.rb": [
        null,
        null,
        null,
        null,
        null,
        null,
        null,
        null,
        null,
        null,
        null,
        null,
        null,
        null,
        null,
        null
      ],
      "/Users/fabiano/Dropbox/code/api-sample/config/initializers/mime_types.rb": [
        null,
        null,
        null,
        null
      ],
      "/Users/fabiano/Dropbox/code/api-sample/config/initializers/session_store.rb": [
        null,
        null,
        1
      ],
      "/Users/fabiano/Dropbox/code/api-sample/config/initializers/wrap_parameters.rb": [
        null,
        null,
        null,
        null,
        null,
        null,
        1,
        1,
        null,
        null,
        null,
        null,
        null,
        null
      ],
      "/Users/fabiano/Dropbox/code/api-sample/spec/factories/pages.rb": [
        1,
        1,
        1,
        null,
        null
      ],
      "/Users/fabiano/Dropbox/code/api-sample/spec/factories/tags.rb": [
        1,
        1,
        1,
        1,
        1,
        null,
        null
      ],
      "/Users/fabiano/Dropbox/code/api-sample/config/routes.rb": [
        1,
        1,
        null
      ],
      "/Users/fabiano/Dropbox/code/api-sample/app/api/api.rb": [
        1,
        1,
        1,
        1,
        1,
        null,
        1,
        1,
        4,
        191,
        191,
        191,
        null,
        null,
        null,
        null,
        null,
        1,
        1,
        null,
        null,
        null,
        1,
        1,
        null,
        null,
        null,
        1,
        1,
        1,
        1,
        null,
        null,
        1,
        1,
        1,
        2,
        null,
        null,
        1,
        1,
        1,
        1,
        null,
        1,
        2,
        1,
        null,
        1,
        null,
        null,
        null,
        null,
        null,
        null,
        null,
        null,
        1,
        1,
        1,
        null,
        1,
        null,
        2,
        1,
        1,
        1,
        1,
        1,
        null,
        1,
        1,
        null,
        null,
        null,
        null,
        null
      ],
      "/Users/fabiano/Dropbox/code/api-sample/app/helpers/application_helper.rb": [
        1,
        null
      ],
      "/Users/fabiano/Dropbox/code/api-sample/spec/support/factory_girl.rb": [
        1,
        1,
        null
      ],
      "/Users/fabiano/Dropbox/code/api-sample/spec/support/helpers/api_helpers.rb": [
        1,
        null,
        1,
        10,
        null,
        null
      ],
      "/Users/fabiano/Dropbox/code/api-sample/app/models/page.rb": [
        1,
        1,
        null
      ],
      "/Users/fabiano/Dropbox/code/api-sample/spec/models/tag_spec.rb": [
        1,
        null,
        1,
        1,
        2,
        null,
        null
      ],
      "/Users/fabiano/Dropbox/code/api-sample/app/models/tag.rb": [
        1,
        1,
        null,
        1,
        null
      ],
      "/Users/fabiano/Dropbox/code/api-sample/spec/requests/api_spec.rb": [
        1,
        1,
        null,
        8,
        8,
        null,
        1,
        1,
        1,
        1,
        1,
        1,
        1,
        null,
        null,
        null,
        1,
        1,
        1,
        1,
        1,
        1,
        null,
        null,
        1,
        1,
        1,
        null,
        null,
        null,
        null,
        1,
        3,
        null,
        1,
        1,
        1,
        1,
        1,
        null,
        null,
        1,
        1,
        1,
        1,
        1,
        null,
        null,
        null,
        1,
        1,
        1,
        1,
        1,
        null,
        null,
        1,
        1,
        1,
        null,
        null,
        null,
        null
      ]
    },
    "timestamp": 1474390948
  }
}
